2026-06-22 19:22:32,856 [INFO] Initializing BrainLM Cluster Execution Sequence...
2026-06-22 19:22:32,864 [WARNING] No GPU found. Running on CPU.
2026-06-22 19:22:32,865 [INFO] Loading Model Configuration and Architecture from HuggingFace...
You are using a model of type vit_mae to instantiate a model of type brainlm_mae. This is not supported for all configurations of models and can yield errors.
Some weights of the model checkpoint at /share/data1/mossf/data/brainlm/input/brainlm_hf_model were not used when initializing BrainLMForPretraining: ['decoder.decoder_layers.5.attention.attention.key.bias', 'vit.encoder.layer.4.attention.attention.value.bias', 'decoder.decoder_layers.2.layernorm_after.bias', 'vit.encoder.layer.9.attention.attention.value.bias', 'vit.encoder.layer.7.attention.attention.query.bias', 'vit.encoder.layer.11.layernorm_after.bias', 'vit.encoder.layer.10.layernorm_after.weight', 'decoder.decoder_layers.6.attention.attention.query.bias', 'vit.encoder.layer.10.attention.attention.query.bias', 'decoder.decoder_layers.6.attention.attention.query.weight', 'decoder.decoder_layers.5.attention.attention.query.bias', 'vit.encoder.layer.4.layernorm_before.bias', 'vit.encoder.layer.10.attention.attention.key.weight', 'vit.encoder.layer.11.layernorm_before.weight', 'vit.encoder.layer.8.attention.attention.query.weight', 'decoder.decoder_layers.5.layernorm_before.bias', 'decoder.decoder_layers.7.attention.attention.key.weight', 'vit.encoder.layer.0.attention.attention.query.bias', 'decoder.decoder_layers.7.layernorm_before.weight', 'vit.encoder.layer.9.attention.attention.key.bias', 'vit.embeddings.position_embeddings', 'decoder.decoder_layers.7.attention.attention.value.weight', 'vit.encoder.layer.5.attention.attention.key.bias', 'vit.encoder.layer.2.layernorm_after.weight', 'vit.encoder.layer.5.layernorm_after.bias', 'vit.encoder.layer.3.attention.attention.key.bias', 'vit.encoder.layer.2.attention.attention.query.weight', 'vit.encoder.layer.8.attention.attention.key.bias', 'vit.encoder.layer.5.attention.attention.value.weight', 'decoder.decoder_layers.3.layernorm_before.bias', 'vit.encoder.layer.0.attention.attention.query.weight', 'vit.encoder.layer.8.layernorm_after.weight', 'decoder.decoder_layers.0.attention.attention.query.weight', 'vit.encoder.layer.8.layernorm_before.weight', 'decoder.decoder_layers.6.layernorm_after.weight', 'decoder.decoder_layers.0.layernorm_after.weight', 'decoder.decoder_layers.4.layernorm_before.bias', 'vit.encoder.layer.0.layernorm_before.bias', 'decoder.decoder_layers.6.attention.attention.value.bias', 'vit.encoder.layer.9.attention.attention.key.weight', 'vit.encoder.layer.5.layernorm_after.weight', 'decoder.decoder_layers.4.attention.attention.key.bias', 'vit.encoder.layer.0.attention.attention.key.bias', 'decoder.decoder_layers.5.attention.attention.query.weight', 'decoder.decoder_layers.0.layernorm_before.bias', 'vit.encoder.layer.4.layernorm_after.weight', 'vit.encoder.layer.4.attention.attention.value.weight', 'vit.encoder.layer.9.layernorm_before.weight', 'vit.encoder.layer.8.attention.attention.value.weight', 'decoder.decoder_layers.5.layernorm_after.bias', 'vit.encoder.layer.7.attention.attention.value.bias', 'vit.encoder.layer.2.layernorm_before.bias', 'vit.encoder.layer.5.layernorm_before.weight', 'vit.encoder.layer.5.attention.attention.value.bias', 'vit.encoder.layer.6.attention.attention.key.bias', 'decoder.decoder_layers.4.attention.attention.query.bias', 'decoder.decoder_layers.3.attention.attention.key.bias', 'vit.encoder.layer.2.layernorm_after.bias', 'vit.encoder.layer.10.layernorm_before.weight', 'decoder.decoder_layers.7.layernorm_before.bias', 'decoder.decoder_layers.3.attention.attention.value.weight', 'decoder.decoder_layers.6.attention.attention.value.weight', 'decoder.decoder_layers.5.attention.attention.key.weight', 'vit.encoder.layer.7.attention.attention.key.bias', 'decoder.decoder_layers.1.layernorm_after.bias', 'decoder.decoder_layers.0.attention.attention.value.bias', 'vit.encoder.layer.1.layernorm_after.bias', 'vit.encoder.layer.7.layernorm_before.bias', 'vit.encoder.layer.6.attention.attention.value.weight', 'vit.encoder.layer.11.attention.attention.key.bias', 'vit.encoder.layer.0.attention.attention.value.bias', 'vit.encoder.layer.9.attention.attention.query.bias', 'vit.encoder.layer.7.attention.attention.key.weight', 'vit.encoder.layer.2.attention.attention.value.weight', 'decoder.decoder_layers.6.layernorm_before.weight', 'vit.encoder.layer.2.attention.attention.value.bias', 'decoder.decoder_layers.4.layernorm_after.weight', 'vit.encoder.layer.2.attention.attention.query.bias', 'vit.embeddings.patch_embeddings.projection.weight', 'vit.encoder.layer.5.attention.attention.query.weight', 'vit.encoder.layer.6.layernorm_before.weight', 'vit.encoder.layer.3.layernorm_before.weight', 'decoder.decoder_layers.2.attention.attention.query.bias', 'vit.encoder.layer.1.attention.attention.query.weight', 'vit.encoder.layer.1.attention.attention.value.bias', 'decoder.decoder_layers.4.layernorm_before.weight', 'vit.embeddings.patch_embeddings.projection.bias', 'vit.encoder.layer.6.attention.attention.key.weight', 'vit.encoder.layer.8.attention.attention.query.bias', 'vit.encoder.layer.8.attention.attention.value.bias', 'decoder.decoder_layers.2.layernorm_after.weight', 'vit.encoder.layer.5.attention.attention.key.weight', 'decoder.decoder_layers.0.attention.attention.value.weight', 'decoder.decoder_layers.7.attention.attention.query.bias', 'decoder.decoder_layers.2.attention.attention.value.weight', 'vit.encoder.layer.11.attention.attention.key.weight', 'vit.encoder.layer.2.attention.attention.key.weight', 'vit.encoder.layer.7.attention.attention.value.weight', 'vit.encoder.layer.10.attention.attention.value.weight', 'vit.encoder.layer.10.attention.attention.key.bias', 'decoder.decoder_layers.0.layernorm_after.bias', 'vit.encoder.layer.6.layernorm_after.bias', 'decoder.decoder_layers.7.attention.attention.query.weight', 'decoder.decoder_layers.1.attention.attention.key.weight', 'vit.encoder.layer.7.layernorm_before.weight', 'vit.encoder.layer.10.layernorm_before.bias', 'vit.encoder.layer.3.layernorm_after.bias', 'vit.encoder.layer.9.layernorm_after.bias', 'vit.encoder.layer.9.layernorm_after.weight', 'vit.encoder.layer.8.attention.attention.key.weight', 'vit.encoder.layer.9.attention.attention.value.weight', 'decoder.decoder_layers.3.layernorm_after.bias', 'vit.encoder.layer.3.attention.attention.value.weight', 'decoder.decoder_layers.3.layernorm_before.weight', 'vit.encoder.layer.9.layernorm_before.bias', 'vit.encoder.layer.0.attention.attention.key.weight', 'decoder.decoder_layers.5.layernorm_before.weight', 'vit.encoder.layer.11.layernorm_before.bias', 'vit.encoder.layer.7.layernorm_after.weight', 'vit.encoder.layer.7.attention.attention.query.weight', 'decoder.decoder_layers.3.attention.attention.value.bias', 'decoder.decoder_layers.7.attention.attention.key.bias', 'vit.encoder.layer.1.attention.attention.value.weight', 'vit.encoder.layer.4.attention.attention.query.weight', 'vit.encoder.layer.3.attention.attention.query.weight', 'decoder.decoder_layers.1.layernorm_before.weight', 'vit.encoder.layer.0.layernorm_before.weight', 'decoder.decoder_layers.0.attention.attention.key.weight', 'vit.encoder.layer.11.attention.attention.query.weight', 'decoder.decoder_layers.4.attention.attention.query.weight', 'vit.encoder.layer.10.layernorm_after.bias', 'vit.encoder.layer.8.layernorm_before.bias', 'decoder.decoder_layers.4.attention.attention.value.weight', 'decoder.decoder_layers.0.attention.attention.query.bias', 'decoder.decoder_layers.2.attention.attention.key.bias', 'vit.encoder.layer.3.attention.attention.key.weight', 'decoder.decoder_layers.6.layernorm_before.bias', 'decoder.decoder_layers.3.layernorm_after.weight', 'decoder.decoder_layers.7.layernorm_after.bias', 'vit.encoder.layer.4.layernorm_before.weight', 'vit.encoder.layer.8.layernorm_after.bias', 'decoder.decoder_layers.1.attention.attention.value.weight', 'decoder.decoder_layers.4.attention.attention.value.bias', 'decoder.decoder_layers.3.attention.attention.query.weight', 'decoder.decoder_layers.2.attention.attention.key.weight', 'vit.encoder.layer.4.attention.attention.query.bias', 'vit.encoder.layer.4.layernorm_after.bias', 'vit.encoder.layer.6.attention.attention.value.bias', 'vit.encoder.layer.1.layernorm_before.weight', 'vit.encoder.layer.4.attention.attention.key.bias', 'vit.encoder.layer.3.layernorm_before.bias', 'decoder.decoder_layers.1.attention.attention.query.weight', 'decoder.decoder_layers.6.attention.attention.key.bias', 'decoder.decoder_layers.3.attention.attention.key.weight', 'vit.encoder.layer.6.attention.attention.query.bias', 'decoder.decoder_layers.6.attention.attention.key.weight', 'vit.encoder.layer.2.attention.attention.key.bias', 'vit.encoder.layer.11.layernorm_after.weight', 'decoder.decoder_layers.7.attention.attention.value.bias', 'vit.encoder.layer.6.layernorm_after.weight', 'vit.encoder.layer.1.attention.attention.key.bias', 'decoder.decoder_layers.5.attention.attention.value.bias', 'vit.encoder.layer.0.attention.attention.value.weight', 'vit.encoder.layer.0.layernorm_after.bias', 'vit.encoder.layer.4.attention.attention.key.weight', 'vit.encoder.layer.6.attention.attention.query.weight', 'vit.encoder.layer.6.layernorm_before.bias', 'decoder.decoder_pos_embed', 'vit.encoder.layer.10.attention.attention.value.bias', 'decoder.decoder_layers.4.layernorm_after.bias', 'vit.encoder.layer.11.attention.attention.value.weight', 'decoder.decoder_layers.2.layernorm_before.bias', 'decoder.decoder_layers.7.layernorm_after.weight', 'vit.encoder.layer.9.attention.attention.query.weight', 'vit.encoder.layer.5.layernorm_before.bias', 'vit.encoder.layer.3.attention.attention.query.bias', 'vit.encoder.layer.11.attention.attention.value.bias', 'decoder.decoder_layers.1.attention.attention.key.bias', 'vit.encoder.layer.3.attention.attention.value.bias', 'vit.encoder.layer.1.layernorm_after.weight', 'vit.encoder.layer.11.attention.attention.query.bias', 'vit.encoder.layer.0.layernorm_after.weight', 'vit.encoder.layer.3.layernorm_after.weight', 'vit.encoder.layer.2.layernorm_before.weight', 'vit.encoder.layer.1.attention.attention.key.weight', 'decoder.decoder_layers.1.layernorm_after.weight', 'decoder.decoder_layers.0.layernorm_before.weight', 'vit.encoder.layer.1.attention.attention.query.bias', 'vit.encoder.layer.7.layernorm_after.bias', 'decoder.decoder_layers.1.attention.attention.value.bias', 'decoder.decoder_layers.0.attention.attention.key.bias', 'decoder.decoder_layers.5.layernorm_after.weight', 'decoder.decoder_layers.4.attention.attention.key.weight', 'decoder.decoder_layers.5.attention.attention.value.weight', 'decoder.decoder_layers.1.layernorm_before.bias', 'vit.encoder.layer.10.attention.attention.query.weight', 'decoder.decoder_layers.2.layernorm_before.weight', 'decoder.decoder_layers.3.attention.attention.query.bias', 'decoder.decoder_layers.1.attention.attention.query.bias', 'decoder.decoder_layers.2.attention.attention.value.bias', 'vit.encoder.layer.5.attention.attention.query.bias', 'decoder.decoder_layers.6.layernorm_after.bias', 'vit.encoder.layer.1.layernorm_before.bias', 'decoder.decoder_layers.2.attention.attention.query.weight']
- This IS expected if you are initializing BrainLMForPretraining from the checkpoint of a model trained on another task or with another architecture (e.g. initializing a BertForSequenceClassification model from a BertForPreTraining model).
- This IS NOT expected if you are initializing BrainLMForPretraining from the checkpoint of a model that you expect to be exactly identical (initializing a BertForSequenceClassification model from a BertForSequenceClassification model).
Some weights of BrainLMForPretraining were not initialized from the model checkpoint at /share/data1/mossf/data/brainlm/input/brainlm_hf_model and are newly initialized: ['vit.encoder.layer.4.output.LayerNorm.bias', 'vit.encoder.layer.5.attention.output.LayerNorm.bias', 'vit.encoder.layer.8.attention.self.key.weight', 'vit.embeddings.signal_embedding_projection.weight', 'vit.encoder.layer.3.attention.self.key.bias', 'decoder.decoder_layers.6.attention.self.key.weight', 'vit.encoder.layer.11.attention.self.value.bias', 'vit.encoder.layer.6.attention.self.key.bias', 'decoder.decoder_layers.5.attention.output.LayerNorm.weight', 'vit.encoder.layer.0.attention.output.LayerNorm.bias', 'vit.encoder.layer.8.attention.self.value.bias', 'decoder.decoder_layers.7.attention.self.conv.weight', 'decoder.decoder_layers.3.output.LayerNorm.bias', 'vit.encoder.layer.9.attention.self.query.bias', 'vit.encoder.layer.1.output.LayerNorm.weight', 'decoder.decoder_layers.1.attention.self.query.bias', 'vit.encoder.layer.2.attention.self.value.weight', 'vit.encoder.layer.1.attention.self.key.bias', 'vit.encoder.layer.11.attention.self.query.bias', 'decoder.decoder_layers.7.attention.self.query.bias', 'decoder.decoder_layers.1.attention.self.key.weight', 'vit.encoder.layer.11.output.LayerNorm.weight', 'decoder.decoder_layers.6.attention.self.value.bias', 'decoder.decoder_layers.7.attention.self.value.bias', 'vit.encoder.layer.6.attention.self.value.bias', 'vit.encoder.layer.10.attention.output.LayerNorm.bias', 'vit.encoder.layer.1.attention.self.conv.weight', 'decoder.decoder_layers.0.attention.self.conv.weight', 'vit.encoder.layer.0.attention.self.query.weight', 'decoder.decoder_layers.6.output.LayerNorm.weight', 'vit.encoder.layer.10.attention.self.key.weight', 'vit.encoder.layer.6.attention.output.LayerNorm.bias', 'vit.encoder.layer.3.attention.self.conv.weight', 'vit.encoder.layer.5.attention.self.key.bias', 'decoder.decoder_layers.0.attention.self.key.weight', 'vit.encoder.layer.7.attention.self.key.bias', 'decoder.decoder_layers.0.output.LayerNorm.weight', 'vit.encoder.layer.3.attention.output.LayerNorm.weight', 'decoder.decoder_layers.7.attention.output.LayerNorm.weight', 'decoder.decoder_layers.6.attention.self.query.weight', 'decoder.decoder_layers.0.output.LayerNorm.bias', 'decoder.decoder_layers.5.attention.self.query.bias', 'decoder.decoder_layers.5.attention.self.query.weight', 'vit.encoder.layer.8.attention.self.key.bias', 'decoder.decoder_layers.2.attention.self.value.bias', 'decoder.decoder_layers.3.attention.self.value.weight', 'decoder.decoder_layers.1.attention.output.LayerNorm.weight', 'vit.embeddings.signal_embedding_projection.bias', 'vit.encoder.layer.9.attention.self.value.weight', 'decoder.decoder_layers.7.output.LayerNorm.weight', 'vit.encoder.layer.5.attention.self.value.bias', 'decoder.decoder_layers.0.attention.output.LayerNorm.bias', 'vit.encoder.layer.10.attention.self.value.weight', 'vit.encoder.layer.7.attention.self.key.weight', 'vit.encoder.layer.8.output.LayerNorm.bias', 'decoder.decoder_layers.6.attention.self.key.bias', 'vit.encoder.layer.2.attention.output.LayerNorm.weight', 'vit.encoder.layer.7.attention.self.conv.weight', 'vit.encoder.layer.4.output.LayerNorm.weight', 'vit.encoder.layer.7.attention.self.query.weight', 'decoder.decoder_layers.2.attention.self.value.weight', 'decoder.decoder_layers.6.attention.output.LayerNorm.bias', 'vit.encoder.layer.2.attention.self.key.weight', 'decoder.decoder_pred1.bias', 'vit.encoder.layer.10.attention.self.key.bias', 'vit.encoder.layer.10.attention.self.query.weight', 'decoder.decoder_layers.3.attention.output.LayerNorm.weight', 'decoder.decoder_layers.3.attention.self.query.bias', 'decoder.decoder_layers.5.attention.self.key.weight', 'vit.encoder.layer.1.attention.self.query.weight', 'vit.encoder.layer.0.attention.self.query.bias', 'vit.encoder.layer.10.output.LayerNorm.bias', 'vit.encoder.layer.11.attention.self.conv.weight', 'decoder.decoder_layers.5.attention.self.conv.weight', 'vit.encoder.layer.11.attention.self.key.weight', 'vit.encoder.layer.8.attention.output.LayerNorm.weight', 'decoder.decoder_layers.1.attention.output.LayerNorm.bias', 'decoder.decoder_layers.3.attention.output.LayerNorm.bias', 'vit.encoder.layer.10.attention.self.value.bias', 'decoder.decoder_layers.3.attention.self.query.weight', 'decoder.decoder_pred1.weight', 'decoder.pos_embedding.pe', 'vit.encoder.layer.3.attention.self.value.bias', 'vit.encoder.layer.3.output.LayerNorm.bias', 'vit.embeddings.xyz_embedding_projection.bias', 'vit.embeddings.xyz_embedding_projection.weight', 'decoder.decoder_layers.4.attention.self.value.weight', 'decoder.decoder_layers.2.attention.output.LayerNorm.bias', 'vit.encoder.layer.0.attention.self.key.bias', 'vit.encoder.layer.1.attention.output.LayerNorm.bias', 'vit.encoder.layer.2.output.LayerNorm.bias', 'vit.encoder.layer.7.attention.output.LayerNorm.weight', 'vit.encoder.layer.3.output.LayerNorm.weight', 'vit.encoder.layer.4.attention.self.query.weight', 'decoder.decoder_layers.4.attention.output.LayerNorm.bias', 'vit.encoder.layer.0.attention.output.LayerNorm.weight', 'vit.encoder.layer.0.attention.self.key.weight', 'vit.encoder.layer.4.attention.self.query.bias', 'vit.encoder.layer.4.attention.self.key.weight', 'vit.encoder.layer.6.attention.self.value.weight', 'vit.encoder.layer.5.attention.output.LayerNorm.weight', 'vit.encoder.layer.1.attention.self.value.weight', 'vit.embeddings.pos_embedding.pe', 'vit.encoder.layer.9.output.LayerNorm.bias', 'decoder.decoder_layers.0.attention.self.key.bias', 'vit.encoder.layer.6.attention.self.query.weight', 'decoder.decoder_layers.7.output.LayerNorm.bias', 'vit.encoder.layer.6.attention.self.query.bias', 'decoder.decoder_layers.1.attention.self.conv.weight', 'vit.encoder.layer.5.attention.self.query.weight', 'vit.encoder.layer.10.attention.self.conv.weight', 'decoder.decoder_layers.5.attention.output.LayerNorm.bias', 'decoder.decoder_layers.2.output.LayerNorm.bias', 'decoder.decoder_layers.4.output.LayerNorm.bias', 'decoder.decoder_layers.3.attention.self.value.bias', 'vit.encoder.layer.9.output.LayerNorm.weight', 'vit.encoder.layer.10.attention.self.query.bias', 'decoder.decoder_layers.1.output.LayerNorm.bias', 'decoder.decoder_layers.6.attention.self.conv.weight', 'decoder.decoder_layers.3.attention.self.conv.weight', 'vit.encoder.layer.5.output.LayerNorm.weight', 'vit.encoder.layer.4.attention.output.LayerNorm.weight', 'vit.encoder.layer.8.attention.self.query.weight', 'decoder.decoder_layers.0.attention.self.value.bias', 'vit.encoder.layer.3.attention.self.query.bias', 'vit.encoder.layer.7.attention.output.LayerNorm.bias', 'decoder.decoder_layers.4.attention.self.conv.weight', 'decoder.decoder_layers.3.attention.self.key.bias', 'vit.encoder.layer.6.attention.self.conv.weight', 'decoder.decoder_layers.0.attention.self.value.weight', 'decoder.decoder_layers.7.attention.self.key.weight', 'decoder.decoder_layers.6.output.LayerNorm.bias', 'vit.encoder.layer.4.attention.self.value.weight', 'vit.encoder.layer.1.attention.output.LayerNorm.weight', 'vit.encoder.layer.1.attention.self.query.bias', 'decoder.decoder_pred2.weight', 'vit.encoder.layer.8.output.LayerNorm.weight', 'vit.encoder.layer.0.attention.self.conv.weight', 'decoder.decoder_layers.7.attention.output.LayerNorm.bias', 'vit.encoder.layer.2.attention.self.query.bias', 'vit.encoder.layer.7.attention.self.query.bias', 'vit.encoder.layer.2.attention.self.query.weight', 'decoder.decoder_layers.5.output.LayerNorm.bias', 'decoder.decoder_layers.5.output.LayerNorm.weight', 'vit.encoder.layer.7.output.LayerNorm.bias', 'vit.encoder.layer.3.attention.output.LayerNorm.bias', 'vit.encoder.layer.6.attention.self.key.weight', 'vit.encoder.layer.6.attention.output.LayerNorm.weight', 'decoder.decoder_xyz_projection.bias', 'vit.encoder.layer.2.attention.self.conv.weight', 'decoder.decoder_layers.2.attention.self.conv.weight', 'vit.encoder.layer.6.output.LayerNorm.weight', 'vit.encoder.layer.2.output.LayerNorm.weight', 'vit.encoder.layer.9.attention.self.conv.weight', 'decoder.decoder_layers.4.attention.output.LayerNorm.weight', 'vit.encoder.layer.8.attention.self.conv.weight', 'vit.encoder.layer.1.attention.self.value.bias', 'vit.encoder.layer.7.attention.self.value.bias', 'decoder.decoder_layers.0.attention.output.LayerNorm.weight', 'decoder.decoder_layers.5.attention.self.key.bias', 'vit.encoder.layer.1.output.LayerNorm.bias', 'vit.encoder.layer.9.attention.self.key.weight', 'vit.encoder.layer.8.attention.self.value.weight', 'vit.encoder.layer.9.attention.self.key.bias', 'vit.encoder.layer.5.attention.self.query.bias', 'decoder.decoder_layers.4.output.LayerNorm.weight', 'vit.encoder.layer.9.attention.self.query.weight', 'vit.encoder.layer.4.attention.output.LayerNorm.bias', 'vit.encoder.layer.7.attention.self.value.weight', 'vit.encoder.layer.9.attention.self.value.bias', 'decoder.decoder_layers.5.attention.self.value.weight', 'decoder.decoder_layers.6.attention.output.LayerNorm.weight', 'vit.encoder.layer.5.attention.self.key.weight', 'decoder.decoder_layers.4.attention.self.key.weight', 'decoder.decoder_layers.4.attention.self.query.bias', 'vit.encoder.layer.5.output.LayerNorm.bias', 'vit.encoder.layer.4.attention.self.value.bias', 'decoder.decoder_xyz_projection.weight', 'vit.encoder.layer.2.attention.output.LayerNorm.bias', 'decoder.decoder_layers.4.attention.self.value.bias', 'decoder.decoder_layers.2.attention.self.key.weight', 'decoder.decoder_layers.6.attention.self.query.bias', 'decoder.decoder_layers.7.attention.self.query.weight', 'vit.encoder.layer.11.attention.output.LayerNorm.bias', 'decoder.decoder_layers.4.attention.self.query.weight', 'vit.encoder.layer.8.attention.output.LayerNorm.bias', 'decoder.decoder_layers.5.attention.self.value.bias', 'decoder.decoder_layers.7.attention.self.key.bias', 'decoder.decoder_layers.1.attention.self.key.bias', 'decoder.decoder_layers.1.attention.self.value.weight', 'vit.encoder.layer.1.attention.self.key.weight', 'vit.encoder.layer.4.attention.self.key.bias', 'vit.encoder.layer.11.attention.output.LayerNorm.weight', 'vit.encoder.layer.9.attention.output.LayerNorm.bias', 'decoder.decoder_layers.1.output.LayerNorm.weight', 'decoder.decoder_layers.6.attention.self.value.weight', 'decoder.decoder_pred2.bias', 'decoder.decoder_layers.0.attention.self.query.bias', 'vit.encoder.layer.9.attention.output.LayerNorm.weight', 'decoder.decoder_layers.2.output.LayerNorm.weight', 'vit.encoder.layer.0.attention.self.value.bias', 'vit.encoder.layer.11.output.LayerNorm.bias', 'vit.encoder.layer.10.attention.output.LayerNorm.weight', 'vit.encoder.layer.10.output.LayerNorm.weight', 'decoder.decoder_layers.2.attention.output.LayerNorm.weight', 'vit.encoder.layer.0.attention.self.value.weight', 'decoder.decoder_layers.2.attention.self.query.weight', 'decoder.decoder_layers.3.attention.self.key.weight', 'vit.encoder.layer.6.output.LayerNorm.bias', 'vit.encoder.layer.2.attention.self.value.bias', 'decoder.decoder_layers.1.attention.self.query.weight', 'vit.encoder.layer.11.attention.self.query.weight', 'decoder.decoder_layers.3.output.LayerNorm.weight', 'vit.encoder.layer.11.attention.self.value.weight', 'decoder.decoder_layers.2.attention.self.query.bias', 'vit.encoder.layer.0.output.LayerNorm.weight', 'vit.encoder.layer.4.attention.self.conv.weight', 'vit.encoder.layer.5.attention.self.conv.weight', 'decoder.decoder_layers.7.attention.self.value.weight', 'vit.encoder.layer.7.output.LayerNorm.weight', 'vit.encoder.layer.11.attention.self.key.bias', 'vit.encoder.layer.3.attention.self.query.weight', 'vit.encoder.layer.8.attention.self.query.bias', 'decoder.decoder_layers.4.attention.self.key.bias', 'vit.encoder.layer.3.attention.self.value.weight', 'vit.encoder.layer.2.attention.self.key.bias', 'vit.encoder.layer.0.output.LayerNorm.bias', 'vit.encoder.layer.3.attention.self.key.weight', 'vit.encoder.layer.5.attention.self.value.weight', 'decoder.decoder_layers.2.attention.self.key.bias', 'decoder.decoder_layers.1.attention.self.value.bias', 'decoder.decoder_layers.0.attention.self.query.weight']
You should probably TRAIN this model on a down-stream task to be able to use it for predictions and inference.
2026-06-22 19:22:41,288 [INFO] Loading spatial coordinates from: /share/data1/mossf/data/brainlm/input/toolkit/atlases/A424_Coordinates.dat
2026-06-22 19:22:41,298 [INFO] Found 100 subjects. Saving outputs as individual files to: /share/data1/mossf/data/brainlm/outputs/attention_matrices
2026-06-22 19:22:41,299 [INFO] Processing [1/100] | Subject ID: Sub_0000
2026-06-22 19:35:16,905 [INFO] Processing [2/100] | Subject ID: Sub_0001
2026-06-22 19:47:50,288 [INFO] Skipping [3/100] | Subject ID: Sub_0002 (Already processed)
2026-06-22 19:47:50,289 [INFO] Skipping [4/100] | Subject ID: Sub_0004 (Already processed)
2026-06-22 19:47:50,290 [INFO] Skipping [5/100] | Subject ID: Sub_0005 (Already processed)
2026-06-22 19:47:50,290 [INFO] Skipping [6/100] | Subject ID: Sub_0006 (Already processed)
2026-06-22 19:47:50,291 [INFO] Skipping [7/100] | Subject ID: Sub_0007 (Already processed)
2026-06-22 19:47:50,292 [INFO] Skipping [8/100] | Subject ID: Sub_0008 (Already processed)
2026-06-22 19:47:50,293 [INFO] Skipping [9/100] | Subject ID: Sub_0009 (Already processed)
2026-06-22 19:47:50,294 [INFO] Skipping [10/100] | Subject ID: Sub_0010 (Already processed)
2026-06-22 19:47:50,295 [INFO] Skipping [11/100] | Subject ID: Sub_0011 (Already processed)
2026-06-22 19:47:50,295 [INFO] Skipping [12/100] | Subject ID: Sub_0012 (Already processed)
2026-06-22 19:47:50,296 [INFO] Skipping [13/100] | Subject ID: Sub_0013 (Already processed)
2026-06-22 19:47:50,297 [INFO] Skipping [14/100] | Subject ID: Sub_0014 (Already processed)
2026-06-22 19:47:50,298 [INFO] Skipping [15/100] | Subject ID: Sub_0015 (Already processed)
2026-06-22 19:47:50,299 [INFO] Skipping [16/100] | Subject ID: Sub_0016 (Already processed)
2026-06-22 19:47:50,300 [INFO] Skipping [17/100] | Subject ID: Sub_0017 (Already processed)
2026-06-22 19:47:50,301 [INFO] Skipping [18/100] | Subject ID: Sub_0018 (Already processed)
2026-06-22 19:47:50,301 [INFO] Skipping [19/100] | Subject ID: Sub_0019 (Already processed)
2026-06-22 19:47:50,302 [INFO] Skipping [20/100] | Subject ID: Sub_0020 (Already processed)
2026-06-22 19:47:50,303 [INFO] Skipping [21/100] | Subject ID: Sub_0021 (Already processed)
2026-06-22 19:47:50,304 [INFO] Skipping [22/100] | Subject ID: Sub_0022 (Already processed)
2026-06-22 19:47:50,305 [INFO] Skipping [23/100] | Subject ID: Sub_0023 (Already processed)
2026-06-22 19:47:50,306 [INFO] Skipping [24/100] | Subject ID: Sub_0024 (Already processed)
2026-06-22 19:47:50,306 [INFO] Skipping [25/100] | Subject ID: Sub_0025 (Already processed)
2026-06-22 19:47:50,307 [INFO] Skipping [26/100] | Subject ID: Sub_0026 (Already processed)
2026-06-22 19:47:50,308 [INFO] Skipping [27/100] | Subject ID: Sub_0027 (Already processed)
2026-06-22 19:47:50,309 [INFO] Skipping [28/100] | Subject ID: Sub_0028 (Already processed)
2026-06-22 19:47:50,310 [INFO] Skipping [29/100] | Subject ID: Sub_0029 (Already processed)
2026-06-22 19:47:50,311 [INFO] Skipping [30/100] | Subject ID: Sub_0030 (Already processed)
2026-06-22 19:47:50,312 [INFO] Skipping [31/100] | Subject ID: Sub_0031 (Already processed)
2026-06-22 19:47:50,313 [INFO] Skipping [32/100] | Subject ID: Sub_0032 (Already processed)
2026-06-22 19:47:50,313 [INFO] Skipping [33/100] | Subject ID: Sub_0033 (Already processed)
2026-06-22 19:47:50,314 [INFO] Skipping [34/100] | Subject ID: Sub_0034 (Already processed)
2026-06-22 19:47:50,315 [INFO] Skipping [35/100] | Subject ID: Sub_0035 (Already processed)
2026-06-22 19:47:50,316 [INFO] Processing [36/100] | Subject ID: Sub_0036
2026-06-22 20:00:26,838 [INFO] Skipping [37/100] | Subject ID: Sub_0037 (Already processed)
2026-06-22 20:00:26,839 [INFO] Skipping [38/100] | Subject ID: Sub_0038 (Already processed)
2026-06-22 20:00:26,839 [INFO] Skipping [39/100] | Subject ID: Sub_0039 (Already processed)
2026-06-22 20:00:26,840 [INFO] Skipping [40/100] | Subject ID: Sub_0040 (Already processed)
2026-06-22 20:00:26,841 [INFO] Skipping [41/100] | Subject ID: Sub_0041 (Already processed)
2026-06-22 20:00:26,842 [INFO] Skipping [42/100] | Subject ID: Sub_0042 (Already processed)
2026-06-22 20:00:26,842 [INFO] Skipping [43/100] | Subject ID: Sub_0043 (Already processed)
2026-06-22 20:00:26,843 [INFO] Skipping [44/100] | Subject ID: Sub_0044 (Already processed)
2026-06-22 20:00:26,844 [INFO] Skipping [45/100] | Subject ID: Sub_0045 (Already processed)
2026-06-22 20:00:26,845 [INFO] Skipping [46/100] | Subject ID: Sub_0046 (Already processed)
2026-06-22 20:00:26,845 [INFO] Skipping [47/100] | Subject ID: Sub_0047 (Already processed)
2026-06-22 20:00:26,846 [INFO] Skipping [48/100] | Subject ID: Sub_0048 (Already processed)
2026-06-22 20:00:26,846 [INFO] Skipping [49/100] | Subject ID: Sub_0049 (Already processed)
2026-06-22 20:00:26,847 [INFO] Skipping [50/100] | Subject ID: Sub_0050 (Already processed)
2026-06-22 20:00:26,848 [INFO] Skipping [51/100] | Subject ID: Sub_0051 (Already processed)
2026-06-22 20:00:26,849 [INFO] Skipping [52/100] | Subject ID: Sub_0052 (Already processed)
2026-06-22 20:00:26,849 [INFO] Skipping [53/100] | Subject ID: Sub_0053 (Already processed)
2026-06-22 20:00:26,850 [INFO] Skipping [54/100] | Subject ID: Sub_0054 (Already processed)
2026-06-22 20:00:26,851 [INFO] Skipping [55/100] | Subject ID: Sub_0055 (Already processed)
2026-06-22 20:00:26,851 [INFO] Skipping [56/100] | Subject ID: Sub_0056 (Already processed)
2026-06-22 20:00:26,852 [INFO] Skipping [57/100] | Subject ID: Sub_0057 (Already processed)
2026-06-22 20:00:26,853 [INFO] Skipping [58/100] | Subject ID: Sub_0058 (Already processed)
2026-06-22 20:00:26,853 [INFO] Skipping [59/100] | Subject ID: Sub_0059 (Already processed)
2026-06-22 20:00:26,854 [INFO] Skipping [60/100] | Subject ID: Sub_0060 (Already processed)
2026-06-22 20:00:26,855 [INFO] Skipping [61/100] | Subject ID: Sub_0061 (Already processed)
2026-06-22 20:00:26,855 [INFO] Skipping [62/100] | Subject ID: Sub_0062 (Already processed)
2026-06-22 20:00:26,856 [INFO] Skipping [63/100] | Subject ID: Sub_0063 (Already processed)
2026-06-22 20:00:26,857 [INFO] Skipping [64/100] | Subject ID: Sub_0064 (Already processed)
2026-06-22 20:00:26,857 [INFO] Skipping [65/100] | Subject ID: Sub_0065 (Already processed)
2026-06-22 20:00:26,858 [INFO] Skipping [66/100] | Subject ID: Sub_0066 (Already processed)
2026-06-22 20:00:26,859 [INFO] Skipping [67/100] | Subject ID: Sub_0067 (Already processed)
2026-06-22 20:00:26,860 [INFO] Skipping [68/100] | Subject ID: Sub_0068 (Already processed)
2026-06-22 20:00:26,860 [INFO] Skipping [69/100] | Subject ID: Sub_0069 (Already processed)
2026-06-22 20:00:26,861 [INFO] Skipping [70/100] | Subject ID: Sub_0070 (Already processed)
2026-06-22 20:00:26,862 [INFO] Skipping [71/100] | Subject ID: Sub_0071 (Already processed)
2026-06-22 20:00:26,863 [INFO] Skipping [72/100] | Subject ID: Sub_0072 (Already processed)
2026-06-22 20:00:26,863 [INFO] Skipping [73/100] | Subject ID: Sub_0073 (Already processed)
2026-06-22 20:00:26,864 [INFO] Skipping [74/100] | Subject ID: Sub_0074 (Already processed)
2026-06-22 20:00:26,865 [INFO] Skipping [75/100] | Subject ID: Sub_0075 (Already processed)
2026-06-22 20:00:26,866 [INFO] Skipping [76/100] | Subject ID: Sub_0076 (Already processed)
2026-06-22 20:00:26,866 [INFO] Skipping [77/100] | Subject ID: Sub_0077 (Already processed)
2026-06-22 20:00:26,867 [INFO] Skipping [78/100] | Subject ID: Sub_0078 (Already processed)
2026-06-22 20:00:26,868 [INFO] Skipping [79/100] | Subject ID: Sub_0079 (Already processed)
2026-06-22 20:00:26,868 [INFO] Skipping [80/100] | Subject ID: Sub_0081 (Already processed)
2026-06-22 20:00:26,869 [INFO] Skipping [81/100] | Subject ID: Sub_0082 (Already processed)
2026-06-22 20:00:26,870 [INFO] Skipping [82/100] | Subject ID: Sub_0083 (Already processed)
2026-06-22 20:00:26,871 [INFO] Skipping [83/100] | Subject ID: Sub_0084 (Already processed)
2026-06-22 20:00:26,872 [INFO] Skipping [84/100] | Subject ID: Sub_0085 (Already processed)
2026-06-22 20:00:26,872 [INFO] Processing [85/100] | Subject ID: Sub_0086
2026-06-22 20:13:00,072 [INFO] Skipping [86/100] | Subject ID: Sub_0087 (Already processed)
2026-06-22 20:13:00,072 [INFO] Skipping [87/100] | Subject ID: Sub_0088 (Already processed)
2026-06-22 20:13:00,073 [INFO] Skipping [88/100] | Subject ID: Sub_0089 (Already processed)
2026-06-22 20:13:00,074 [INFO] Skipping [89/100] | Subject ID: Sub_0090 (Already processed)
2026-06-22 20:13:00,074 [INFO] Skipping [90/100] | Subject ID: Sub_0091 (Already processed)
2026-06-22 20:13:00,075 [INFO] Skipping [91/100] | Subject ID: Sub_0092 (Already processed)
2026-06-22 20:13:00,076 [INFO] Skipping [92/100] | Subject ID: Sub_0093 (Already processed)
2026-06-22 20:13:00,077 [INFO] Skipping [93/100] | Subject ID: Sub_0094 (Already processed)
2026-06-22 20:13:00,077 [INFO] Skipping [94/100] | Subject ID: Sub_0095 (Already processed)
2026-06-22 20:13:00,078 [INFO] Skipping [95/100] | Subject ID: Sub_0096 (Already processed)
2026-06-22 20:13:00,079 [INFO] Skipping [96/100] | Subject ID: Sub_0097 (Already processed)
2026-06-22 20:13:00,080 [INFO] Skipping [97/100] | Subject ID: Sub_0098 (Already processed)
2026-06-22 20:13:00,080 [INFO] Skipping [98/100] | Subject ID: Sub_0099 (Already processed)
2026-06-22 20:13:00,081 [INFO] Skipping [99/100] | Subject ID: Sub_0100 (Already processed)
2026-06-22 20:13:00,082 [INFO] Skipping [100/100] | Subject ID: Sub_0101 (Already processed)
2026-06-22 20:13:00,083 [INFO] All operations complete.
